c:\users\taehun\documents\github\directx11-world\directx11 world\directx11 world\x64\debug\vc142.pdb
c:\users\taehun\documents\github\directx11-world\directx11 world\directx11 world\x64\debug\vc142.idb
c:\users\taehun\documents\github\directx11-world\directx11 world\directx11 world\x64\debug\timer.obj
c:\users\taehun\documents\github\directx11-world\directx11 world\directx11 world\x64\debug\system.obj
c:\users\taehun\documents\github\directx11-world\directx11 world\directx11 world\x64\debug\graphics.obj
c:\users\taehun\documents\github\directx11-world\directx11 world\directx11 world\x64\debug\entry.obj
c:\users\taehun\documents\github\directx11-world\directx11 world\directx11 world\x64\debug\directx11.obj
c:\users\taehun\documents\github\directx11-world\directx11 world\directx11 world\x64\debug\scenemanager.obj
c:\users\taehun\documents\github\directx11-world\directx11 world\directx11 world\x64\debug\scenemain.obj
c:\users\taehun\documents\github\directx11-world\directx11 world\directx11 world\x64\debug\scene.obj
c:\users\taehun\documents\github\directx11-world\directx11 world\directx11 world\x64\debug\model.obj
c:\users\taehun\documents\github\directx11-world\directx11 world\directx11 world\x64\debug\gameobject.obj
c:\users\taehun\documents\github\directx11-world\directx11 world\directx11 world\x64\debug\texture.obj
c:\users\taehun\documents\github\directx11-world\directx11 world\directx11 world\x64\debug\directx11 world.pch
c:\users\taehun\documents\github\directx11-world\directx11 world\directx11 world\x64\debug\pch.obj
c:\users\taehun\documents\github\directx11-world\directx11 world\directx11 world\x64\debug\textureshader.obj
c:\users\taehun\documents\github\directx11-world\directx11 world\x64\debug\directx11 world.exe
c:\users\taehun\documents\github\directx11-world\directx11 world\x64\debug\directx11 world.ilk
c:\users\taehun\documents\github\directx11-world\directx11 world\x64\debug\directx11 world.pdb
c:\users\taehun\documents\github\directx11-world\directx11 world\directx11 world\x64\debug\directx11 world.tlog\cl.command.1.tlog
c:\users\taehun\documents\github\directx11-world\directx11 world\directx11 world\x64\debug\directx11 world.tlog\cl.read.1.tlog
c:\users\taehun\documents\github\directx11-world\directx11 world\directx11 world\x64\debug\directx11 world.tlog\cl.write.1.tlog
c:\users\taehun\documents\github\directx11-world\directx11 world\directx11 world\x64\debug\directx11 world.tlog\fxc.command.1.tlog
c:\users\taehun\documents\github\directx11-world\directx11 world\directx11 world\x64\debug\directx11 world.tlog\fxc.read.1.tlog
c:\users\taehun\documents\github\directx11-world\directx11 world\directx11 world\x64\debug\directx11 world.tlog\link.command.1.tlog
c:\users\taehun\documents\github\directx11-world\directx11 world\directx11 world\x64\debug\directx11 world.tlog\link.read.1.tlog
c:\users\taehun\documents\github\directx11-world\directx11 world\directx11 world\x64\debug\directx11 world.tlog\link.write.1.tlog
